2017-10-13 10:40:45,659 INFO Hostname/IP lookup (this will take a few seconds)
2017-10-13 10:40:45,662 INFO Launching Rocket
2017-10-13 10:40:45,997 INFO RUNNING fw_id: 287 in directory: /scratch/users/ksb/fireworks/jobs/latticeopt_2017_10_11_17_00_01
2017-10-13 10:40:46,002 INFO Task started: {{standardScripts.OptimizeLattice}}.
Initializing...
Initializing...
Initializing...
Initializing...
Initializing...
Initializing...
Initializing...
Initializing...
Initializing...
Initializing...
Initializing...
Initializing...
Initializing...
Initializing...
Initializing...
Initializing...
Loading initial guess...
	generating initial guess from getInitGuess():  [3.2243145574852825, 5.1526818391514597]
Optimizing cell and positions...
Loading initial guess...
Removed existing file  qn.traj
Loading initial guess...
Loading initial guess...
Loading initial guess...
Loading initial guess...
	generating initial guess from getInitGuess():  [3.2243145574852825, 5.1526818391514597]
Optimizing cell and positions...
Loading initial guess...
	generating initial guess from getInitGuess():  [3.2243145574852825, 5.1526818391514597]
Optimizing cell and positions...
Loading initial guess...
	generating initial guess from getInitGuess():  [3.2243145574852825, 5.1526818391514597]
Optimizing cell and positions...
Loading initial guess...
	generating initial guess from getInitGuess():  [3.2243145574852825, 5.1526818391514597]
Optimizing cell and positions...
Loading initial guess...
	generating initial guess from getInitGuess():  [3.2243145574852825, 5.1526818391514597]
Optimizing cell and positions...
Loading initial guess...
Removed existing file  qn.log
Loading initial guess...
	generating initial guess from getInitGuess():  [3.2243145574852825, 5.1526818391514597]
Optimizing cell and positions...
	generating initial guess from getInitGuess():  [3.2243145574852825, 5.1526818391514597]
Optimizing cell and positions...
	generating initial guess from getInitGuess():  [3.2243145574852825, 5.1526818391514597]
Optimizing cell and positions...
Loading initial guess...
	generating initial guess from getInitGuess():  [3.2243145574852825, 5.1526818391514597]
Optimizing cell and positions...
Loading initial guess...
	generating initial guess from getInitGuess():  [3.2243145574852825, 5.1526818391514597]
Optimizing cell and positions...
Loading initial guess...
	generating initial guess from getInitGuess():  [3.2243145574852825, 5.1526818391514597]
Optimizing cell and positions...
Removed existing file  lattice_opt.log
	generating initial guess from getInitGuess():  [3.2243145574852825, 5.1526818391514597]
Optimizing cell and positions...
	generating initial guess from getInitGuess():  [3.2243145574852825, 5.1526818391514597]
Optimizing cell and positions...
Removed existing file  energy_forces.pckl
Loading initial guess...
	generating initial guess from getInitGuess():  [3.2243145574852825, 5.1526818391514597]
Optimizing cell and positions...
	generating initial guess from getInitGuess():  [3.2243145574852825, 5.1526818391514597]
Optimizing cell and positions...
Optimization terminated successfully.
         Current function value: 1899.522718
         Iterations: 14
         Function evaluations: 28
Optimized lattice params:  [ 3.22431456  5.15268184]
Storing Results...
Optimization terminated successfully.
         Current function value: 1899.522718
         Iterations: 14
         Function evaluations: 28
Optimized lattice params:  [ 3.22431456  5.15268184]
Storing Results...
Optimization terminated successfully.
         Current function value: 1899.522718
         Iterations: 14
         Function evaluations: 28
Optimized lattice params:  [ 3.22431456  5.15268184]
Storing Results...
Optimization terminated successfully.
         Current function value: 1899.522718
         Iterations: 14
         Function evaluations: 28
Optimized lattice params:  [ 3.22431456  5.15268184]
Storing Results...
Optimization terminated successfully.
         Current function value: 1899.522718
         Iterations: 14
         Function evaluations: 28
Optimized lattice params:  [ 3.22431456  5.15268184]
Storing Results...
Optimization terminated successfully.
         Current function value: 1899.522718
         Iterations: 14
         Function evaluations: 28
Optimized lattice params:  [ 3.22431456  5.15268184]
Storing Results...
Optimization terminated successfully.
         Current function value: 1899.522718
         Iterations: 14
         Function evaluations: 28
Optimized lattice params:  [ 3.22431456  5.15268184]
Storing Results...
Optimization terminated successfully.
         Current function value: 1899.522718
         Iterations: 14
         Function evaluations: 28
Optimized lattice params:  [ 3.22431456  5.15268184]
Storing Results...
Optimization terminated successfully.
         Current function value: 1899.522718
         Iterations: 14
         Function evaluations: 28
Optimized lattice params:  [ 3.22431456  5.15268184]
Storing Results...
Optimization terminated successfully.
         Current function value: 1899.522718
         Iterations: 14
         Function evaluations: 28
Optimized lattice params:  [ 3.22431456  5.15268184]
Storing Results...
Optimization terminated successfully.
         Current function value: 1899.522718
         Iterations: 14
         Function evaluations: 28
Optimized lattice params:  [ 3.22431456  5.15268184]
Storing Results...
Optimization terminated successfully.
         Current function value: 1899.522718
         Iterations: 14
         Function evaluations: 28
Optimized lattice params:  [ 3.22431456  5.15268184]
Storing Results...
Optimization terminated successfully.
         Current function value: 1899.522718
         Iterations: 14
         Function evaluations: 28
Optimized lattice params:  [ 3.22431456  5.15268184]
Storing Results...
Optimization terminated successfully.
         Current function value: 1899.522718
         Iterations: 14
         Function evaluations: 28
Optimized lattice params:  [ 3.22431456  5.15268184]
Storing Results...
Optimization terminated successfully.
         Current function value: 1899.522718
         Iterations: 14
         Function evaluations: 28
Optimized lattice params:  [ 3.22431456  5.15268184]
Storing Results...
Optimization terminated successfully.
         Current function value: 1899.522718
         Iterations: 14
         Function evaluations: 28
Optimized lattice params:  [ 3.22431456  5.15268184]
Storing Results...
Collecting environment data...
Agglomerating data to be logged in database...
Creating and Populating copy directory...
