2017-10-16 02:14:05,846 INFO Hostname/IP lookup (this will take a few seconds)
2017-10-16 02:14:05,850 INFO Launching Rocket
2017-10-16 02:14:06,591 INFO RUNNING fw_id: 1661 in directory: /scratch/users/ksb/fireworks/jobs/bulkmod_2017_10_15_22_39_43
2017-10-16 02:14:06,606 INFO Task started: {{standardScripts.GetBulkModulus}}.
Initializing...
Initializing...
Initializing...
Initializing...
Initializing...
Initializing...
Initializing...
Initializing...
Initializing...
Initializing...
Initializing...
Initializing...
Initializing...
Initializing...
Initializing...
Initializing...
Removed existing file  qn.traj
Removed existing file  qn.log
Calculating energies at various strains...
Calculating energies at various strains...
Calculating energies at various strains...
Calculating energies at various strains...
Calculating energies at various strains...
Calculating energies at various strains...
Calculating energies at various strains...
Calculating energies at various strains...
Calculating energies at various strains...
Calculating energies at various strains...
Calculating energies at various strains...
Calculating energies at various strains...
Calculating energies at various strains...
Calculating energies at various strains...
Calculating energies at various strains...
Calculating energies at various strains...
Analyzing dE/dV curve...
Analyzing dE/dV curve...
Analyzing dE/dV curve...
Analyzing dE/dV curve...
Analyzing dE/dV curve...
Analyzing dE/dV curve...
Analyzing dE/dV curve...
Analyzing dE/dV curve...
Analyzing dE/dV curve...
Analyzing dE/dV curve...
Analyzing dE/dV curve...
Analyzing dE/dV curve...
Analyzing dE/dV curve...
Analyzing dE/dV curve...
Analyzing dE/dV curve...
Analyzing dE/dV curve...
Storing Results...
Storing Results...
Storing Results...
Storing Results...
Storing Results...
Storing Results...
Storing Results...
Storing Results...
Storing Results...
Storing Results...
Storing Results...
Storing Results...
Storing Results...
Storing Results...
Storing Results...
Storing Results...
Collecting environment data...
Agglomerating data to be logged in database...
Creating and Populating copy directory...
